Removed Pin From Net: NetName=GND Pin=C5-1
Removed Pin From Net: NetName=LimSwitch1-P2 Pin=C5-2
Removed Pin From Net: NetName=GND Pin=C6-1
Removed Pin From Net: NetName=LimSwitch2-P2 Pin=C6-2
Removed Pin From Net: NetName=GND Pin=P1-1
Removed Pin From Net: NetName=LimSwitch1-P2 Pin=P1-3
Removed Pin From Net: NetName=GND Pin=P2-1
Removed Pin From Net: NetName=LimSwitch2-P2 Pin=P2-2
Removed Pin From Net: NetName=MOUT1 Pin=P3-1
Removed Pin From Net: NetName=MOUT2 Pin=P3-2
Removed Pin From Net: NetName=NetP4_1 Pin=P4-1
Removed Pin From Net: NetName=NetP4_2 Pin=P4-2
Removed Pin From Net: NetName=3V3 Pin=R7-1
Removed Pin From Net: NetName=LimSwitch1-P2 Pin=R7-2
Removed Pin From Net: NetName=3V3 Pin=R8-1
Removed Pin From Net: NetName=LimSwitch2-P2 Pin=R8-2
Removed Member From Class: ClassName=Recovery Member=P1
Removed Member From Class: ClassName=Recovery Member=P2
Removed Member From Class: ClassName=Recovery Member=P3
Removed Member From Class: ClassName=Recovery Member=P4
Change Component Designator: OldDesignator=J3 NewDesignator=J1
Added Component: Designator=J3(Microfit-8Pos)
Add component. Clean all parameters for all variants
Add component (AddParameter): Name = "DigiKey PN"; Value = "WM2651-ND"; VariantName = "[No Variations]"
Add component (AddParameter): Name = "URL"; Value = "https://www.digikey.com/products/en?WT.z_cid=sp_900_0310_buynow&keywords=430450813"; VariantName = "[No Variations]"
Added Pin To Net: NetName=LimSwitch2-P2 Pin=C5-1
Added Pin To Net: NetName=3V3 Pin=C5-2
Added Pin To Net: NetName=3V3 Pin=C6-1
Added Pin To Net: NetName=LimSwitch1-P2 Pin=C6-2
Added Pin To Net: NetName=MOUT1 Pin=J3-1
Added Pin To Net: NetName=MOUT2 Pin=J3-2
Added Pin To Net: NetName=NetP4_2 Pin=J3-3
Added Pin To Net: NetName=NetP4_1 Pin=J3-4
Added Pin To Net: NetName=3V3 Pin=J3-5
Added Pin To Net: NetName=3V3 Pin=J3-6
Added Pin To Net: NetName=LimSwitch2-P2 Pin=J3-7
Added Pin To Net: NetName=LimSwitch1-P2 Pin=J3-8
Added Pin To Net: NetName=GND Pin=R7-1
Added Pin To Net: NetName=LimSwitch2-P2 Pin=R7-2
Added Pin To Net: NetName=GND Pin=R8-1
Added Pin To Net: NetName=LimSwitch1-P2 Pin=R8-2
Change Net Name : Old Net Name=LimSwitch1-P2 New Net Name=LimSwitchNO
Change Net Name : Old Net Name=LimSwitch2-P2 New Net Name=LimSwitchNC
Change Net Name : Old Net Name=NetP4_1 New Net Name=EMatch2
Change Net Name : Old Net Name=NetP4_2 New Net Name=EMatch1
Added Member To Class: ClassName=Recovery Member=Component J3 MicroFit 8-Pos Connector
