Added Component: Designator=C1(C0805C475K9RACAUTO)
Add component. Clean all parameters for all variants
Add component (AddParameter): Name = "Value"; Value = "0.1uF"; VariantName = "[No Variations]"
Added Component: Designator=C2(C0805C475K9RACAUTO)
Add component. Clean all parameters for all variants
Add component (AddParameter): Name = "Value"; Value = "0.1uF"; VariantName = "[No Variations]"
Added Component: Designator=C3(C0805C475K9RACAUTO)
Add component. Clean all parameters for all variants
Add component (AddParameter): Name = "Value"; Value = "47uF"; VariantName = "[No Variations]"
Added Component: Designator=C4(C0805C475K9RACAUTO)
Add component. Clean all parameters for all variants
Add component (AddParameter): Name = "Value"; Value = "0.1uF"; VariantName = "[No Variations]"
Added Component: Designator=C5(C0805C475K9RACAUTO)
Add component. Clean all parameters for all variants
Add component (AddParameter): Name = "Value"; Value = "100nF"; VariantName = "[No Variations]"
Added Component: Designator=C6(C0805C475K9RACAUTO)
Add component. Clean all parameters for all variants
Add component (AddParameter): Name = "Value"; Value = "100nF"; VariantName = "[No Variations]"
Added Component: Designator=J2(Microfit-8Pos)
Add component. Clean all parameters for all variants
Add component (AddParameter): Name = "DigiKey PN"; Value = "WM2651-ND"; VariantName = "[No Variations]"
Add component (AddParameter): Name = "URL"; Value = "https://www.digikey.com/products/en?WT.z_cid=sp_900_0310_buynow&keywords=430450813"; VariantName = "[No Variations]"
Added Component: Designator=J3(Microfit-8Pos)
Add component. Clean all parameters for all variants
Add component (AddParameter): Name = "DigiKey PN"; Value = "WM2651-ND"; VariantName = "[No Variations]"
Add component (AddParameter): Name = "URL"; Value = "https://www.digikey.com/products/en?WT.z_cid=sp_900_0310_buynow&keywords=430450813"; VariantName = "[No Variations]"
Added Component: Designator=P1(HDR1X3)
Add component. Clean all parameters for all variants
Add component (AddParameter): Name = "LatestRevisionDate"; Value = "17-Jul-2002"; VariantName = "[No Variations]"
Add component (AddParameter): Name = "LatestRevisionNote"; Value = "Re-released for DXP Platform."; VariantName = "[No Variations]"
Add component (AddParameter): Name = "Publisher"; Value = "Altium Limited"; VariantName = "[No Variations]"
Added Component: Designator=P2(HDR1X3)
Add component. Clean all parameters for all variants
Add component (AddParameter): Name = "LatestRevisionDate"; Value = "17-Jul-2002"; VariantName = "[No Variations]"
Add component (AddParameter): Name = "LatestRevisionNote"; Value = "Re-released for DXP Platform."; VariantName = "[No Variations]"
Add component (AddParameter): Name = "Publisher"; Value = "Altium Limited"; VariantName = "[No Variations]"
Added Component: Designator=P3(HDR1X2)
Add component. Clean all parameters for all variants
Add component (AddParameter): Name = "LatestRevisionDate"; Value = "17-Jul-2002"; VariantName = "[No Variations]"
Add component (AddParameter): Name = "LatestRevisionNote"; Value = "Re-released for DXP Platform."; VariantName = "[No Variations]"
Add component (AddParameter): Name = "Publisher"; Value = "Altium Limited"; VariantName = "[No Variations]"
Added Component: Designator=P4(HDR1X2)
Add component. Clean all parameters for all variants
Add component (AddParameter): Name = "LatestRevisionDate"; Value = "17-Jul-2002"; VariantName = "[No Variations]"
Add component (AddParameter): Name = "LatestRevisionNote"; Value = "Re-released for DXP Platform."; VariantName = "[No Variations]"
Add component (AddParameter): Name = "Publisher"; Value = "Altium Limited"; VariantName = "[No Variations]"
Added Component: Designator=R1(RES 0805)
Add component. Clean all parameters for all variants
Add component (AddParameter): Name = "Value"; Value = "2K2"; VariantName = "[No Variations]"
Added Component: Designator=R2(RES 0805)
Add component. Clean all parameters for all variants
Add component (AddParameter): Name = "Value"; Value = "2K2"; VariantName = "[No Variations]"
Added Component: Designator=R3(RES 0805)
Add component. Clean all parameters for all variants
Add component (AddParameter): Name = "Value"; Value = "2K2"; VariantName = "[No Variations]"
Added Component: Designator=R4(RES 0805)
Add component. Clean all parameters for all variants
Add component (AddParameter): Name = "Value"; Value = "2K2"; VariantName = "[No Variations]"
Added Component: Designator=R5(RES 0805)
Add component. Clean all parameters for all variants
Add component (AddParameter): Name = "Value"; Value = "10K"; VariantName = "[No Variations]"
Added Component: Designator=R6(RES 0805)
Add component. Clean all parameters for all variants
Add component (AddParameter): Name = "Value"; Value = "470"; VariantName = "[No Variations]"
Added Component: Designator=R7(RES 0805)
Add component. Clean all parameters for all variants
Add component (AddParameter): Name = "Value"; Value = "4.7k"; VariantName = "[No Variations]"
Added Component: Designator=R8(RES 0805)
Add component. Clean all parameters for all variants
Add component (AddParameter): Name = "Value"; Value = "4.7k"; VariantName = "[No Variations]"
Added Component: Designator=R*(Raven3)
Add component. Clean all parameters for all variants
Added Component: Designator=RS(RES 0805)
Add component. Clean all parameters for all variants
Add component (AddParameter): Name = "Value"; Value = "4.7"; VariantName = "[No Variations]"
Added Component: Designator=UR1(SOIC127P600X175-14N)
Add component. Clean all parameters for all variants
Add component (AddParameter): Name = "Availability"; Value = "Good"; VariantName = "[No Variations]"
Add component (AddParameter): Name = "MF"; Value = "Texas Instruments"; VariantName = "[No Variations]"
Add component (AddParameter): Name = "MP"; Value = "TXB0104DR"; VariantName = "[No Variations]"
Add component (AddParameter): Name = "Package"; Value = "SOIC-14 Texas Instruments"; VariantName = "[No Variations]"
Add component (AddParameter): Name = "Price"; Value = "0.76 USD"; VariantName = "[No Variations]"
Add component (AddParameter): Name = "SnapEDA_Link"; Value = "https://www.snapeda.com/symbols-footprints/TXB0104DR/Texas%20Instruments/view-part/?ref=snap"; VariantName = "[No Variations]"
Add component (AddParameter): Name = "Value"; Value = ""; VariantName = "[No Variations]"
Added Component: Designator=UR2(DDA0008H_N)
Add component. Clean all parameters for all variants
Add component (AddParameter): Name = "Alternate_PartNumber"; Value = "DRV8871DDA"; VariantName = "[No Variations]"
Add component (AddParameter): Name = "CompType"; Value = "IC"; VariantName = "[No Variations]"
Add component (AddParameter): Name = "Manufacturer"; Value = "Texas Instruments"; VariantName = "[No Variations]"
Add component (AddParameter): Name = "MountType"; Value = "SMT"; VariantName = "[No Variations]"
Add component (AddParameter): Name = "PackageReference"; Value = "DDA0008H"; VariantName = "[No Variations]"
Add component (AddParameter): Name = "PartNumber"; Value = "DRV8871DDAR"; VariantName = "[No Variations]"
Add component (AddParameter): Name = "PIN_COUNT"; Value = "9"; VariantName = "[No Variations]"
Add component (AddParameter): Name = "RefDes"; Value = "RefDes"; VariantName = "[No Variations]"
Add component (AddParameter): Name = "TYPE"; Value = "TYPE"; VariantName = "[No Variations]"
Add component (AddParameter): Name = "Value"; Value = "Value"; VariantName = "[No Variations]"
Added Pin To Net: NetName=3V3 Pin=C1-2
Added Pin To Net: NetName=3V3 Pin=J3-1
Added Pin To Net: NetName=3V3 Pin=J3-2
Added Pin To Net: NetName=3V3 Pin=R5-1
Added Pin To Net: NetName=3V3 Pin=R7-1
Added Pin To Net: NetName=3V3 Pin=R8-1
Added Pin To Net: NetName=3V3 Pin=UR1-1
Added Net: Name=3V3
Added Pin To Net: NetName=5V Pin=C2-1
Added Pin To Net: NetName=5V Pin=J3-3
Added Pin To Net: NetName=5V Pin=J3-4
Added Pin To Net: NetName=5V Pin=R2-2
Added Pin To Net: NetName=5V Pin=R3-2
Added Pin To Net: NetName=5V Pin=R4-2
Added Pin To Net: NetName=5V Pin=R*-6
Added Pin To Net: NetName=5V Pin=RS-2
Added Pin To Net: NetName=5V Pin=UR1-14
Added Net: Name=5V
Added Pin To Net: NetName=24V Pin=C3-2
Added Pin To Net: NetName=24V Pin=C4-2
Added Pin To Net: NetName=24V Pin=J3-7
Added Pin To Net: NetName=24V Pin=J3-8
Added Pin To Net: NetName=24V Pin=UR2-5
Added Net: Name=24V
Added Pin To Net: NetName=GND Pin=C1-1
Added Pin To Net: NetName=GND Pin=C2-2
Added Pin To Net: NetName=GND Pin=C3-1
Added Pin To Net: NetName=GND Pin=C4-1
Added Pin To Net: NetName=GND Pin=C5-1
Added Pin To Net: NetName=GND Pin=C6-1
Added Pin To Net: NetName=GND Pin=J3-5
Added Pin To Net: NetName=GND Pin=J3-6
Added Pin To Net: NetName=GND Pin=P1-1
Added Pin To Net: NetName=GND Pin=P2-1
Added Pin To Net: NetName=GND Pin=R6-1
Added Pin To Net: NetName=GND Pin=R*-5
Added Pin To Net: NetName=GND Pin=UR1-7
Added Pin To Net: NetName=GND Pin=UR2-1
Added Pin To Net: NetName=GND Pin=UR2-7
Added Pin To Net: NetName=GND Pin=UR2-9
Added Net: Name=GND
Added Pin To Net: NetName=GPIO1 Pin=J2-8
Added Pin To Net: NetName=GPIO1 Pin=UR1-2
Added Net: Name=GPIO1
Added Pin To Net: NetName=GPIO2 Pin=J2-7
Added Pin To Net: NetName=GPIO2 Pin=UR1-3
Added Net: Name=GPIO2
Added Pin To Net: NetName=GPIO3 Pin=J2-6
Added Pin To Net: NetName=GPIO3 Pin=UR1-4
Added Net: Name=GPIO3
Added Pin To Net: NetName=GPIO4 Pin=J2-5
Added Pin To Net: NetName=GPIO4 Pin=UR1-5
Added Net: Name=GPIO4
Added Pin To Net: NetName=LimSwitch1-P2 Pin=C5-2
Added Pin To Net: NetName=LimSwitch1-P2 Pin=J2-1
Added Pin To Net: NetName=LimSwitch1-P2 Pin=P1-3
Added Pin To Net: NetName=LimSwitch1-P2 Pin=R7-2
Added Net: Name=LimSwitch1-P2
Added Pin To Net: NetName=LimSwitch2-P2 Pin=C6-2
Added Pin To Net: NetName=LimSwitch2-P2 Pin=J2-3
Added Pin To Net: NetName=LimSwitch2-P2 Pin=P2-2
Added Pin To Net: NetName=LimSwitch2-P2 Pin=R8-2
Added Net: Name=LimSwitch2-P2
Added Pin To Net: NetName=MIN1 Pin=J2-4
Added Pin To Net: NetName=MIN1 Pin=UR2-3
Added Net: Name=MIN1
Added Pin To Net: NetName=MIN2 Pin=J2-2
Added Pin To Net: NetName=MIN2 Pin=UR2-2
Added Net: Name=MIN2
Added Pin To Net: NetName=MOUT1 Pin=P3-1
Added Pin To Net: NetName=MOUT1 Pin=UR2-6
Added Net: Name=MOUT1
Added Pin To Net: NetName=MOUT2 Pin=P3-2
Added Pin To Net: NetName=MOUT2 Pin=UR2-8
Added Net: Name=MOUT2
Added Pin To Net: NetName=NetP4_1 Pin=P4-1
Added Pin To Net: NetName=NetP4_1 Pin=R1-2
Added Pin To Net: NetName=NetP4_1 Pin=RS-1
Added Net: Name=NetP4_1
Added Pin To Net: NetName=NetP4_2 Pin=P4-2
Added Pin To Net: NetName=NetP4_2 Pin=R*-1
Added Net: Name=NetP4_2
Added Pin To Net: NetName=NetR1_1 Pin=R1-1
Added Pin To Net: NetName=NetR1_1 Pin=UR1-13
Added Net: Name=NetR1_1
Added Pin To Net: NetName=NetR2_1 Pin=R2-1
Added Pin To Net: NetName=NetR2_1 Pin=R*-2
Added Pin To Net: NetName=NetR2_1 Pin=UR1-12
Added Net: Name=NetR2_1
Added Pin To Net: NetName=NetR3_1 Pin=R3-1
Added Pin To Net: NetName=NetR3_1 Pin=R*-3
Added Pin To Net: NetName=NetR3_1 Pin=UR1-11
Added Net: Name=NetR3_1
Added Pin To Net: NetName=NetR4_1 Pin=R4-1
Added Pin To Net: NetName=NetR4_1 Pin=R*-4
Added Pin To Net: NetName=NetR4_1 Pin=UR1-10
Added Net: Name=NetR4_1
Added Pin To Net: NetName=NetR5_2 Pin=R5-2
Added Pin To Net: NetName=NetR5_2 Pin=UR1-8
Added Net: Name=NetR5_2
Added Pin To Net: NetName=NetR6_2 Pin=R6-2
Added Pin To Net: NetName=NetR6_2 Pin=UR2-4
Added Net: Name=NetR6_2
Added Class: Name=Recovery
Added Room: Name=Recovery
